<?xml version="1.0" encoding="UTF-8"?>
<!-- Generated by org.testng.reporters.JUnitReportReporter -->
<testsuite hostname="cobogpgp1399.global.publicisgroupe.net" failures="0" tests="2" name="UserTests" time="5.332" errors="0" timestamp="19 Mar 2021 01:22:39 GMT" skipped="0">
  <testcase classname="UserTests" name="Test_00Creat_User_Already_Exist" time="4.363"/>
  <testcase classname="UserTests" name="Test_00Creat_User_Successful" time="0.969"/>
</testsuite> <!-- UserTests -->
