<?xml version="1.0" encoding="UTF-8"?>
<!-- Generated by org.testng.reporters.JUnitReportReporter -->
<testsuite hostname="cobogpgp1399.global.publicisgroupe.net" failures="0" tests="5" name="PostTestNoSuccessful" time="6.148" errors="0" timestamp="19 Mar 2021 01:22:39 GMT" skipped="0">
  <testcase classname="PostTestNoSuccessful" name="Test_35Delete_Post_Unsuccessful" time="1.138"/>
  <testcase classname="PostTestNoSuccessful" name="Test_32Call_Post_Unsuccessful_All" time="0.533"/>
  <testcase classname="PostTestNoSuccessful" name="Test_31Creat_Post_Unsuccessful" time="1.590"/>
  <testcase classname="PostTestNoSuccessful" name="Test_33Call_Post_Unsuccessful_One" time="1.433"/>
  <testcase classname="PostTestNoSuccessful" name="Test_34Update_Post_Unsuccessful" time="1.454"/>
</testsuite> <!-- PostTestNoSuccessful -->
