<?xml version="1.0" encoding="UTF-8"?>
<!-- Generated by org.testng.reporters.JUnitReportReporter -->
<testsuite hostname="cobogpgp1399.global.publicisgroupe.net" failures="0" tests="5" name="PostTest" time="8.789" errors="0" timestamp="19 Mar 2021 01:22:39 GMT" skipped="0">
  <testcase classname="PostTest" name="Test_15Delete_Post_Successful" time="1.799"/>
  <testcase classname="PostTest" name="Test_11Creat_Post_Successful" time="1.507"/>
  <testcase classname="PostTest" name="Test_12Call_Post_Successful_All" time="1.998"/>
  <testcase classname="PostTest" name="Test_13Call_Post_Successful_One" time="1.850"/>
  <testcase classname="PostTest" name="Test_14Update_Post_Successful" time="1.635"/>
</testsuite> <!-- PostTest -->
